[debug] [2022-12-28T04:44:19.047Z] ----------------------------------------------------------------------
[debug] [2022-12-28T04:44:19.048Z] Command:       C:\Program Files\nodejs\node.exe C:\Users\91914\AppData\Roaming\npm\node_modules\firebase-tools\lib\bin\firebase.js init
[debug] [2022-12-28T04:44:19.049Z] CLI Version:   11.19.0
[debug] [2022-12-28T04:44:19.049Z] Platform:      win32
[debug] [2022-12-28T04:44:19.049Z] Node Version:  v18.12.1
[debug] [2022-12-28T04:44:19.050Z] Time:          Wed Dec 28 2022 10:14:19 GMT+0530 (India Standard Time)
[debug] [2022-12-28T04:44:19.050Z] ----------------------------------------------------------------------
[debug] 
[debug] [2022-12-28T04:44:19.101Z] > command requires scopes: ["email","openid","https://www.googleapis.com/auth/cloudplatformprojects.readonly","https://www.googleapis.com/auth/firebase","https://www.googleapis.com/auth/cloud-platform"]
[debug] [2022-12-28T04:44:19.101Z] > authorizing via signed-in user (ak8871639@gmail.com)
[info] 
     ######## #### ########  ######## ########     ###     ######  ########
     ##        ##  ##     ## ##       ##     ##  ##   ##  ##       ##
     ######    ##  ########  ######   ########  #########  ######  ######
     ##        ##  ##    ##  ##       ##     ## ##     ##       ## ##
     ##       #### ##     ## ######## ########  ##     ##  ######  ########

You're about to initialize a Firebase project in this directory:

  C:\Users\91914\Desktop\my-app

Before we get started, keep in mind:

  * You are initializing within an existing Firebase project directory

[info] 
=== Project Setup
[info] 
[info] First, let's associate this project directory with a Firebase project.
[info] You can create multiple project aliases by running firebase use --add, 
[info] but for now we'll just set up a default project.
[info] 
[debug] [2022-12-28T04:44:29.877Z] Using project from CLI flag: assignment-task-4c81d
[debug] [2022-12-28T04:44:29.880Z] >>> [apiv2][query] GET https://firebase.googleapis.com/v1beta1/projects/assignment-task-4c81d [none]
[debug] [2022-12-28T04:44:31.328Z] <<< [apiv2][status] GET https://firebase.googleapis.com/v1beta1/projects/assignment-task-4c81d 200
[debug] [2022-12-28T04:44:31.328Z] <<< [apiv2][body] GET https://firebase.googleapis.com/v1beta1/projects/assignment-task-4c81d {"projectId":"assignment-task-4c81d","projectNumber":"998266263193","displayName":"assignment-task","name":"projects/assignment-task-4c81d","resources":{"hostingSite":"assignment-task-4c81d"},"state":"ACTIVE","etag":"1_8aa985c8-d8c4-42e2-8f39-0d541821e697"}
[info] i  Using project assignment-task-4c81d (assignment-task) 
[info] 
=== Hosting Setup
[info] 
[info] Your public directory is the folder (relative to your project directory) that
[info] will contain Hosting assets to be uploaded with firebase deploy. If you
[info] have a build process for your assets, use your build's output directory.
[info] 
[debug] [2022-12-28T04:44:41.556Z] >>> [apiv2][query] GET https://www.gstatic.com/firebasejs/releases.json [none]
[debug] [2022-12-28T04:44:42.162Z] <<< [apiv2][status] GET https://www.gstatic.com/firebasejs/releases.json 200
[debug] [2022-12-28T04:44:42.162Z] <<< [apiv2][body] GET https://www.gstatic.com/firebasejs/releases.json {"current":{"version":"9.15.0","browserURL":"https://www.gstatic.com/firebasejs/9.15.0/firebase.js","packageURL":"https://www.gstatic.com/firebasejs/9.15.0/firebase.tgz"},"live":{"version":"9.15","browserURL":"https://www.gstatic.com/firebasejs/live/9.15/firebase.js","packageURL":"https://www.gstatic.com/firebasejs/live/9.15/firebase.tgz"},"components":{"analytics":"https://www.gstatic.com/firebasejs/9.15.0/firebase-analytics.js","app":"https://www.gstatic.com/firebasejs/9.15.0/firebase-app.js","app-check":"https://www.gstatic.com/firebasejs/9.15.0/firebase-app-check.js","auth":"https://www.gstatic.com/firebasejs/9.15.0/firebase-auth.js","auth/cordova":"https://www.gstatic.com/firebasejs/9.15.0/firebase-auth/cordova.js","auth/react-native":"https://www.gstatic.com/firebasejs/9.15.0/firebase-auth/react-native.js","functions":"https://www.gstatic.com/firebasejs/9.15.0/firebase-functions.js","firestore":"https://www.gstatic.com/firebasejs/9.15.0/firebase-firestore.js","firestore/lite":"https://www.gstatic.com/firebasejs/9.15.0/firebase-firestore/lite.js","installations":"https://www.gstatic.com/firebasejs/9.15.0/firebase-installations.js","storage":"https://www.gstatic.com/firebasejs/9.15.0/firebase-storage.js","performance":"https://www.gstatic.com/firebasejs/9.15.0/firebase-performance.js","remote-config":"https://www.gstatic.com/firebasejs/9.15.0/firebase-remote-config.js","messaging":"https://www.gstatic.com/firebasejs/9.15.0/firebase-messaging.js","messaging/sw":"https://www.gstatic.com/firebasejs/9.15.0/firebase-messaging/sw.js","database":"https://www.gstatic.com/firebasejs/9.15.0/firebase-database.js","firestore.memory":"https://www.gstatic.com/firebasejs/9.15.0/firebase-firestore.memory.js"}}
[info] i  Skipping write of build/index.html 
[info] 
[info] i  Writing configuration info to firebase.json... 
[info] i  Writing project information to .firebaserc... 
[info] 
[info] +  Firebase initialization complete! 
[debug] [2022-12-28T04:44:56.271Z] Error: Timed out.
    at Timeout._onTimeout (C:\Users\91914\AppData\Roaming\npm\node_modules\firebase-tools\lib\utils.js:253:49)
    at listOnTimeout (node:internal/timers:564:17)
    at process.processTimers (node:internal/timers:507:7)
[error] 
[error] Error: An unexpected error has occurred.
[debug] [2022-12-28T04:46:07.792Z] ----------------------------------------------------------------------
[debug] [2022-12-28T04:46:07.793Z] Command:       C:\Program Files\nodejs\node.exe C:\Users\91914\AppData\Roaming\npm\node_modules\firebase-tools\lib\bin\firebase.js deploy
[debug] [2022-12-28T04:46:07.794Z] CLI Version:   11.19.0
[debug] [2022-12-28T04:46:07.794Z] Platform:      win32
[debug] [2022-12-28T04:46:07.794Z] Node Version:  v18.12.1
[debug] [2022-12-28T04:46:07.795Z] Time:          Wed Dec 28 2022 10:16:07 GMT+0530 (India Standard Time)
[debug] [2022-12-28T04:46:07.795Z] ----------------------------------------------------------------------
[debug] 
[debug] [2022-12-28T04:46:07.848Z] > command requires scopes: ["email","openid","https://www.googleapis.com/auth/cloudplatformprojects.readonly","https://www.googleapis.com/auth/firebase","https://www.googleapis.com/auth/cloud-platform"]
[debug] [2022-12-28T04:46:07.849Z] > authorizing via signed-in user (ak8871639@gmail.com)
[debug] [2022-12-28T04:46:07.849Z] [iam] checking project assignment-task-4c81d for permissions ["firebase.projects.get","firebasehosting.sites.update"]
[debug] [2022-12-28T04:46:07.851Z] >>> [apiv2][query] POST https://cloudresourcemanager.googleapis.com/v1/projects/assignment-task-4c81d:testIamPermissions [none]
[debug] [2022-12-28T04:46:07.851Z] >>> [apiv2][(partial)header] POST https://cloudresourcemanager.googleapis.com/v1/projects/assignment-task-4c81d:testIamPermissions x-goog-quota-user=projects/assignment-task-4c81d
[debug] [2022-12-28T04:46:07.851Z] >>> [apiv2][body] POST https://cloudresourcemanager.googleapis.com/v1/projects/assignment-task-4c81d:testIamPermissions {"permissions":["firebase.projects.get","firebasehosting.sites.update"]}
[debug] [2022-12-28T04:46:10.159Z] <<< [apiv2][status] POST https://cloudresourcemanager.googleapis.com/v1/projects/assignment-task-4c81d:testIamPermissions 200
[debug] [2022-12-28T04:46:10.161Z] <<< [apiv2][body] POST https://cloudresourcemanager.googleapis.com/v1/projects/assignment-task-4c81d:testIamPermissions {"permissions":["firebase.projects.get","firebasehosting.sites.update"]}
[debug] [2022-12-28T04:46:10.165Z] >>> [apiv2][query] GET https://firebase.googleapis.com/v1beta1/projects/assignment-task-4c81d [none]
[debug] [2022-12-28T04:46:11.061Z] <<< [apiv2][status] GET https://firebase.googleapis.com/v1beta1/projects/assignment-task-4c81d 200
[debug] [2022-12-28T04:46:11.061Z] <<< [apiv2][body] GET https://firebase.googleapis.com/v1beta1/projects/assignment-task-4c81d {"projectId":"assignment-task-4c81d","projectNumber":"998266263193","displayName":"assignment-task","name":"projects/assignment-task-4c81d","resources":{"hostingSite":"assignment-task-4c81d"},"state":"ACTIVE","etag":"1_8aa985c8-d8c4-42e2-8f39-0d541821e697"}
[info] 
[info] === Deploying to 'assignment-task-4c81d'...
[info] 
[info] i  deploying hosting 
[debug] [2022-12-28T04:46:11.081Z] >>> [apiv2][query] POST https://firebasehosting.googleapis.com/v1beta1/projects/-/sites/assignment-task-4c81d/versions [none]
[debug] [2022-12-28T04:46:11.081Z] >>> [apiv2][body] POST https://firebasehosting.googleapis.com/v1beta1/projects/-/sites/assignment-task-4c81d/versions {"status":"CREATED","labels":{"deployment-tool":"cli-firebase"}}
[debug] [2022-12-28T04:46:13.518Z] <<< [apiv2][status] POST https://firebasehosting.googleapis.com/v1beta1/projects/-/sites/assignment-task-4c81d/versions 200
[debug] [2022-12-28T04:46:13.519Z] <<< [apiv2][body] POST https://firebasehosting.googleapis.com/v1beta1/projects/-/sites/assignment-task-4c81d/versions {"name":"projects/998266263193/sites/assignment-task-4c81d/versions/4f3c73a96f51abf1","status":"CREATED","config":{},"labels":{"deployment-tool":"cli-firebase"}}
[info] i  hosting[assignment-task-4c81d]: beginning deploy... 
[info] i  hosting[assignment-task-4c81d]: found 15 files in build 
[debug] [2022-12-28T04:46:32.161Z] [hosting] uploading with 200 concurrency
[debug] [2022-12-28T04:46:32.290Z] [hosting] hash cache [YnVpbGQ] stored for 15 files
[debug] [2022-12-28T04:46:32.290Z] [hosting][hash queue][FINAL] {"max":97,"min":28,"avg":44.46666666666667,"active":0,"complete":15,"success":15,"errored":0,"retried":0,"total":15,"elapsed":120}
[debug] [2022-12-28T04:46:32.290Z] >>> [apiv2][query] POST https://firebasehosting.googleapis.com/v1beta1/projects/998266263193/sites/assignment-task-4c81d/versions/4f3c73a96f51abf1:populateFiles [none]
[debug] [2022-12-28T04:46:32.290Z] >>> [apiv2][body] POST https://firebasehosting.googleapis.com/v1beta1/projects/998266263193/sites/assignment-task-4c81d/versions/4f3c73a96f51abf1:populateFiles {"files":{"/asset-manifest.json":"54eb6ebd7fca7bdfd24309cbe8b9af95c295a15d93ea4b8a34125b592f016537","/index.html":"8223c30f63b1cb66bf5f6479a9175be8bd72cbed657947fe90dbc60a9de8d23d","/manifest.json":"aff3449bdc238776f5d6d967f19ec491b36aed5fb7f23ccff6500736fd58494a","/robots.txt":"bfe106a3fb878dc83461c86818bf74fc1bdc7f28538ba613cd3e775516ce8b49","/static/js/787.28cb0dcd.chunk.js":"b72129aadef2b1cce5f847b935b4b58bca879c736479ede4c4e80bccf03f82a0","/static/js/787.28cb0dcd.chunk.js.map":"f5e289f1d3a65301e04aa54c001e681f700b9c8f4ba2774a7c5f92bf93d0d3a6","/static/js/main.ec9fc3b3.js.LICENSE.txt":"a1e10079e8155bc5525d13d0464e64acbd892cb93e51621cce5f31f1c4cc8fe3","/logo192.png":"3ee59515172ee198f3be375979df15ac5345183e656720a381b8872b2a39dc8b","/static/media/logo.6ce24c58023cc2f8fd88fe9d219db6c6.svg":"ac1a3d8899432561573d6a5cf56459437c09b902599a1deb91c0f8d4bb40459d","/logo512.png":"ee7e2f3fdb8209c4b6fd7bef6ba50d1b9dba30a25bb5c3126df057e1cb6f5331","/favicon.ico":"eae62e993eb980ec8a25058c39d5a51feab118bd2100c4deebb2a9c158ec11f9","/static/css/main.68841a8d.css":"b2256f2b760dddad50b985e50b2ee218a8f4761f4bc4c328f0ddcad569713a33","/static/js/main.ec9fc3b3.js":"11a6e688fb1c67c92818a88a4db024c4402376817d6f78a1395586a5738a1143","/static/css/main.68841a8d.css.map":"40dfbce447d39af926d17d34db8c408d0d94412816e02b5d4a892dee5e297aca","/static/js/main.ec9fc3b3.js.map":"e270f3c00f92b2d42e2c4c7d92d0fa547fe7aef288f88d10f143c042fc396fb9"}}
[debug] [2022-12-28T04:46:34.202Z] <<< [apiv2][status] POST https://firebasehosting.googleapis.com/v1beta1/projects/998266263193/sites/assignment-task-4c81d/versions/4f3c73a96f51abf1:populateFiles 200
[debug] [2022-12-28T04:46:34.203Z] <<< [apiv2][body] POST https://firebasehosting.googleapis.com/v1beta1/projects/998266263193/sites/assignment-task-4c81d/versions/4f3c73a96f51abf1:populateFiles {"uploadRequiredHashes":["b72129aadef2b1cce5f847b935b4b58bca879c736479ede4c4e80bccf03f82a0","bfe106a3fb878dc83461c86818bf74fc1bdc7f28538ba613cd3e775516ce8b49","ac1a3d8899432561573d6a5cf56459437c09b902599a1deb91c0f8d4bb40459d","54eb6ebd7fca7bdfd24309cbe8b9af95c295a15d93ea4b8a34125b592f016537","ee7e2f3fdb8209c4b6fd7bef6ba50d1b9dba30a25bb5c3126df057e1cb6f5331","b2256f2b760dddad50b985e50b2ee218a8f4761f4bc4c328f0ddcad569713a33","40dfbce447d39af926d17d34db8c408d0d94412816e02b5d4a892dee5e297aca","11a6e688fb1c67c92818a88a4db024c4402376817d6f78a1395586a5738a1143","a1e10079e8155bc5525d13d0464e64acbd892cb93e51621cce5f31f1c4cc8fe3","e270f3c00f92b2d42e2c4c7d92d0fa547fe7aef288f88d10f143c042fc396fb9","aff3449bdc238776f5d6d967f19ec491b36aed5fb7f23ccff6500736fd58494a","8223c30f63b1cb66bf5f6479a9175be8bd72cbed657947fe90dbc60a9de8d23d","3ee59515172ee198f3be375979df15ac5345183e656720a381b8872b2a39dc8b","eae62e993eb980ec8a25058c39d5a51feab118bd2100c4deebb2a9c158ec11f9","f5e289f1d3a65301e04aa54c001e681f700b9c8f4ba2774a7c5f92bf93d0d3a6"],"uploadUrl":"https://upload-firebasehosting.googleapis.com/upload/sites/assignment-task-4c81d/versions/4f3c73a96f51abf1/files"}
[debug] [2022-12-28T04:46:34.211Z] >>> [apiv2][query] POST https://upload-firebasehosting.googleapis.com/upload/sites/assignment-task-4c81d/versions/4f3c73a96f51abf1/files/b72129aadef2b1cce5f847b935b4b58bca879c736479ede4c4e80bccf03f82a0 [none]
[debug] [2022-12-28T04:46:34.211Z] >>> [apiv2][body] POST https://upload-firebasehosting.googleapis.com/upload/sites/assignment-task-4c81d/versions/4f3c73a96f51abf1/files/b72129aadef2b1cce5f847b935b4b58bca879c736479ede4c4e80bccf03f82a0 [stream]
[debug] [2022-12-28T04:46:34.216Z] >>> [apiv2][query] POST https://upload-firebasehosting.googleapis.com/upload/sites/assignment-task-4c81d/versions/4f3c73a96f51abf1/files/bfe106a3fb878dc83461c86818bf74fc1bdc7f28538ba613cd3e775516ce8b49 [none]
[debug] [2022-12-28T04:46:34.216Z] >>> [apiv2][body] POST https://upload-firebasehosting.googleapis.com/upload/sites/assignment-task-4c81d/versions/4f3c73a96f51abf1/files/bfe106a3fb878dc83461c86818bf74fc1bdc7f28538ba613cd3e775516ce8b49 [stream]
[debug] [2022-12-28T04:46:34.220Z] >>> [apiv2][query] POST https://upload-firebasehosting.googleapis.com/upload/sites/assignment-task-4c81d/versions/4f3c73a96f51abf1/files/ac1a3d8899432561573d6a5cf56459437c09b902599a1deb91c0f8d4bb40459d [none]
[debug] [2022-12-28T04:46:34.220Z] >>> [apiv2][body] POST https://upload-firebasehosting.googleapis.com/upload/sites/assignment-task-4c81d/versions/4f3c73a96f51abf1/files/ac1a3d8899432561573d6a5cf56459437c09b902599a1deb91c0f8d4bb40459d [stream]
[debug] [2022-12-28T04:46:34.223Z] >>> [apiv2][query] POST https://upload-firebasehosting.googleapis.com/upload/sites/assignment-task-4c81d/versions/4f3c73a96f51abf1/files/54eb6ebd7fca7bdfd24309cbe8b9af95c295a15d93ea4b8a34125b592f016537 [none]
[debug] [2022-12-28T04:46:34.223Z] >>> [apiv2][body] POST https://upload-firebasehosting.googleapis.com/upload/sites/assignment-task-4c81d/versions/4f3c73a96f51abf1/files/54eb6ebd7fca7bdfd24309cbe8b9af95c295a15d93ea4b8a34125b592f016537 [stream]
[debug] [2022-12-28T04:46:34.225Z] >>> [apiv2][query] POST https://upload-firebasehosting.googleapis.com/upload/sites/assignment-task-4c81d/versions/4f3c73a96f51abf1/files/ee7e2f3fdb8209c4b6fd7bef6ba50d1b9dba30a25bb5c3126df057e1cb6f5331 [none]
[debug] [2022-12-28T04:46:34.225Z] >>> [apiv2][body] POST https://upload-firebasehosting.googleapis.com/upload/sites/assignment-task-4c81d/versions/4f3c73a96f51abf1/files/ee7e2f3fdb8209c4b6fd7bef6ba50d1b9dba30a25bb5c3126df057e1cb6f5331 [stream]
[debug] [2022-12-28T04:46:34.228Z] >>> [apiv2][query] POST https://upload-firebasehosting.googleapis.com/upload/sites/assignment-task-4c81d/versions/4f3c73a96f51abf1/files/b2256f2b760dddad50b985e50b2ee218a8f4761f4bc4c328f0ddcad569713a33 [none]
[debug] [2022-12-28T04:46:34.228Z] >>> [apiv2][body] POST https://upload-firebasehosting.googleapis.com/upload/sites/assignment-task-4c81d/versions/4f3c73a96f51abf1/files/b2256f2b760dddad50b985e50b2ee218a8f4761f4bc4c328f0ddcad569713a33 [stream]
[debug] [2022-12-28T04:46:34.230Z] >>> [apiv2][query] POST https://upload-firebasehosting.googleapis.com/upload/sites/assignment-task-4c81d/versions/4f3c73a96f51abf1/files/40dfbce447d39af926d17d34db8c408d0d94412816e02b5d4a892dee5e297aca [none]
[debug] [2022-12-28T04:46:34.231Z] >>> [apiv2][body] POST https://upload-firebasehosting.googleapis.com/upload/sites/assignment-task-4c81d/versions/4f3c73a96f51abf1/files/40dfbce447d39af926d17d34db8c408d0d94412816e02b5d4a892dee5e297aca [stream]
[debug] [2022-12-28T04:46:34.233Z] >>> [apiv2][query] POST https://upload-firebasehosting.googleapis.com/upload/sites/assignment-task-4c81d/versions/4f3c73a96f51abf1/files/11a6e688fb1c67c92818a88a4db024c4402376817d6f78a1395586a5738a1143 [none]
[debug] [2022-12-28T04:46:34.233Z] >>> [apiv2][body] POST https://upload-firebasehosting.googleapis.com/upload/sites/assignment-task-4c81d/versions/4f3c73a96f51abf1/files/11a6e688fb1c67c92818a88a4db024c4402376817d6f78a1395586a5738a1143 [stream]
[debug] [2022-12-28T04:46:34.235Z] >>> [apiv2][query] POST https://upload-firebasehosting.googleapis.com/upload/sites/assignment-task-4c81d/versions/4f3c73a96f51abf1/files/a1e10079e8155bc5525d13d0464e64acbd892cb93e51621cce5f31f1c4cc8fe3 [none]
[debug] [2022-12-28T04:46:34.236Z] >>> [apiv2][body] POST https://upload-firebasehosting.googleapis.com/upload/sites/assignment-task-4c81d/versions/4f3c73a96f51abf1/files/a1e10079e8155bc5525d13d0464e64acbd892cb93e51621cce5f31f1c4cc8fe3 [stream]
[debug] [2022-12-28T04:46:34.238Z] >>> [apiv2][query] POST https://upload-firebasehosting.googleapis.com/upload/sites/assignment-task-4c81d/versions/4f3c73a96f51abf1/files/e270f3c00f92b2d42e2c4c7d92d0fa547fe7aef288f88d10f143c042fc396fb9 [none]
[debug] [2022-12-28T04:46:34.238Z] >>> [apiv2][body] POST https://upload-firebasehosting.googleapis.com/upload/sites/assignment-task-4c81d/versions/4f3c73a96f51abf1/files/e270f3c00f92b2d42e2c4c7d92d0fa547fe7aef288f88d10f143c042fc396fb9 [stream]
[debug] [2022-12-28T04:46:34.240Z] >>> [apiv2][query] POST https://upload-firebasehosting.googleapis.com/upload/sites/assignment-task-4c81d/versions/4f3c73a96f51abf1/files/aff3449bdc238776f5d6d967f19ec491b36aed5fb7f23ccff6500736fd58494a [none]
[debug] [2022-12-28T04:46:34.240Z] >>> [apiv2][body] POST https://upload-firebasehosting.googleapis.com/upload/sites/assignment-task-4c81d/versions/4f3c73a96f51abf1/files/aff3449bdc238776f5d6d967f19ec491b36aed5fb7f23ccff6500736fd58494a [stream]
[debug] [2022-12-28T04:46:34.244Z] >>> [apiv2][query] POST https://upload-firebasehosting.googleapis.com/upload/sites/assignment-task-4c81d/versions/4f3c73a96f51abf1/files/8223c30f63b1cb66bf5f6479a9175be8bd72cbed657947fe90dbc60a9de8d23d [none]
[debug] [2022-12-28T04:46:34.244Z] >>> [apiv2][body] POST https://upload-firebasehosting.googleapis.com/upload/sites/assignment-task-4c81d/versions/4f3c73a96f51abf1/files/8223c30f63b1cb66bf5f6479a9175be8bd72cbed657947fe90dbc60a9de8d23d [stream]
[debug] [2022-12-28T04:46:34.246Z] >>> [apiv2][query] POST https://upload-firebasehosting.googleapis.com/upload/sites/assignment-task-4c81d/versions/4f3c73a96f51abf1/files/3ee59515172ee198f3be375979df15ac5345183e656720a381b8872b2a39dc8b [none]
[debug] [2022-12-28T04:46:34.246Z] >>> [apiv2][body] POST https://upload-firebasehosting.googleapis.com/upload/sites/assignment-task-4c81d/versions/4f3c73a96f51abf1/files/3ee59515172ee198f3be375979df15ac5345183e656720a381b8872b2a39dc8b [stream]
[debug] [2022-12-28T04:46:34.247Z] >>> [apiv2][query] POST https://upload-firebasehosting.googleapis.com/upload/sites/assignment-task-4c81d/versions/4f3c73a96f51abf1/files/eae62e993eb980ec8a25058c39d5a51feab118bd2100c4deebb2a9c158ec11f9 [none]
[debug] [2022-12-28T04:46:34.247Z] >>> [apiv2][body] POST https://upload-firebasehosting.googleapis.com/upload/sites/assignment-task-4c81d/versions/4f3c73a96f51abf1/files/eae62e993eb980ec8a25058c39d5a51feab118bd2100c4deebb2a9c158ec11f9 [stream]
[debug] [2022-12-28T04:46:34.248Z] >>> [apiv2][query] POST https://upload-firebasehosting.googleapis.com/upload/sites/assignment-task-4c81d/versions/4f3c73a96f51abf1/files/f5e289f1d3a65301e04aa54c001e681f700b9c8f4ba2774a7c5f92bf93d0d3a6 [none]
[debug] [2022-12-28T04:46:34.248Z] >>> [apiv2][body] POST https://upload-firebasehosting.googleapis.com/upload/sites/assignment-task-4c81d/versions/4f3c73a96f51abf1/files/f5e289f1d3a65301e04aa54c001e681f700b9c8f4ba2774a7c5f92bf93d0d3a6 [stream]
[debug] [2022-12-28T04:46:34.249Z] [hosting][populate queue][FINAL] {"max":1923,"min":1923,"avg":1923,"active":0,"complete":1,"success":1,"errored":0,"retried":0,"total":1,"elapsed":1961}
[debug] [2022-12-28T04:46:34.250Z] [hosting] uploads queued: 15
[debug] [2022-12-28T04:46:36.978Z] <<< [apiv2][status] POST https://upload-firebasehosting.googleapis.com/upload/sites/assignment-task-4c81d/versions/4f3c73a96f51abf1/files/3ee59515172ee198f3be375979df15ac5345183e656720a381b8872b2a39dc8b 200
[debug] [2022-12-28T04:46:36.979Z] <<< [apiv2][body] POST https://upload-firebasehosting.googleapis.com/upload/sites/assignment-task-4c81d/versions/4f3c73a96f51abf1/files/3ee59515172ee198f3be375979df15ac5345183e656720a381b8872b2a39dc8b [stream]
[debug] [2022-12-28T04:46:37.069Z] <<< [apiv2][status] POST https://upload-firebasehosting.googleapis.com/upload/sites/assignment-task-4c81d/versions/4f3c73a96f51abf1/files/b2256f2b760dddad50b985e50b2ee218a8f4761f4bc4c328f0ddcad569713a33 200
[debug] [2022-12-28T04:46:37.071Z] <<< [apiv2][body] POST https://upload-firebasehosting.googleapis.com/upload/sites/assignment-task-4c81d/versions/4f3c73a96f51abf1/files/b2256f2b760dddad50b985e50b2ee218a8f4761f4bc4c328f0ddcad569713a33 [stream]
[debug] [2022-12-28T04:46:37.262Z] <<< [apiv2][status] POST https://upload-firebasehosting.googleapis.com/upload/sites/assignment-task-4c81d/versions/4f3c73a96f51abf1/files/54eb6ebd7fca7bdfd24309cbe8b9af95c295a15d93ea4b8a34125b592f016537 200
[debug] [2022-12-28T04:46:37.262Z] <<< [apiv2][body] POST https://upload-firebasehosting.googleapis.com/upload/sites/assignment-task-4c81d/versions/4f3c73a96f51abf1/files/54eb6ebd7fca7bdfd24309cbe8b9af95c295a15d93ea4b8a34125b592f016537 [stream]
[debug] [2022-12-28T04:46:37.300Z] <<< [apiv2][status] POST https://upload-firebasehosting.googleapis.com/upload/sites/assignment-task-4c81d/versions/4f3c73a96f51abf1/files/f5e289f1d3a65301e04aa54c001e681f700b9c8f4ba2774a7c5f92bf93d0d3a6 200
[debug] [2022-12-28T04:46:37.300Z] <<< [apiv2][body] POST https://upload-firebasehosting.googleapis.com/upload/sites/assignment-task-4c81d/versions/4f3c73a96f51abf1/files/f5e289f1d3a65301e04aa54c001e681f700b9c8f4ba2774a7c5f92bf93d0d3a6 [stream]
[debug] [2022-12-28T04:46:37.317Z] <<< [apiv2][status] POST https://upload-firebasehosting.googleapis.com/upload/sites/assignment-task-4c81d/versions/4f3c73a96f51abf1/files/eae62e993eb980ec8a25058c39d5a51feab118bd2100c4deebb2a9c158ec11f9 200
[debug] [2022-12-28T04:46:37.317Z] <<< [apiv2][body] POST https://upload-firebasehosting.googleapis.com/upload/sites/assignment-task-4c81d/versions/4f3c73a96f51abf1/files/eae62e993eb980ec8a25058c39d5a51feab118bd2100c4deebb2a9c158ec11f9 [stream]
[debug] [2022-12-28T04:46:37.352Z] <<< [apiv2][status] POST https://upload-firebasehosting.googleapis.com/upload/sites/assignment-task-4c81d/versions/4f3c73a96f51abf1/files/b72129aadef2b1cce5f847b935b4b58bca879c736479ede4c4e80bccf03f82a0 200
[debug] [2022-12-28T04:46:37.353Z] <<< [apiv2][body] POST https://upload-firebasehosting.googleapis.com/upload/sites/assignment-task-4c81d/versions/4f3c73a96f51abf1/files/b72129aadef2b1cce5f847b935b4b58bca879c736479ede4c4e80bccf03f82a0 [stream]
[debug] [2022-12-28T04:46:37.439Z] <<< [apiv2][status] POST https://upload-firebasehosting.googleapis.com/upload/sites/assignment-task-4c81d/versions/4f3c73a96f51abf1/files/ee7e2f3fdb8209c4b6fd7bef6ba50d1b9dba30a25bb5c3126df057e1cb6f5331 200
[debug] [2022-12-28T04:46:37.439Z] <<< [apiv2][body] POST https://upload-firebasehosting.googleapis.com/upload/sites/assignment-task-4c81d/versions/4f3c73a96f51abf1/files/ee7e2f3fdb8209c4b6fd7bef6ba50d1b9dba30a25bb5c3126df057e1cb6f5331 [stream]
[debug] [2022-12-28T04:46:37.620Z] <<< [apiv2][status] POST https://upload-firebasehosting.googleapis.com/upload/sites/assignment-task-4c81d/versions/4f3c73a96f51abf1/files/aff3449bdc238776f5d6d967f19ec491b36aed5fb7f23ccff6500736fd58494a 200
[debug] [2022-12-28T04:46:37.621Z] <<< [apiv2][body] POST https://upload-firebasehosting.googleapis.com/upload/sites/assignment-task-4c81d/versions/4f3c73a96f51abf1/files/aff3449bdc238776f5d6d967f19ec491b36aed5fb7f23ccff6500736fd58494a [stream]
[debug] [2022-12-28T04:46:38.087Z] <<< [apiv2][status] POST https://upload-firebasehosting.googleapis.com/upload/sites/assignment-task-4c81d/versions/4f3c73a96f51abf1/files/ac1a3d8899432561573d6a5cf56459437c09b902599a1deb91c0f8d4bb40459d 200
[debug] [2022-12-28T04:46:38.087Z] <<< [apiv2][body] POST https://upload-firebasehosting.googleapis.com/upload/sites/assignment-task-4c81d/versions/4f3c73a96f51abf1/files/ac1a3d8899432561573d6a5cf56459437c09b902599a1deb91c0f8d4bb40459d [stream]
[debug] [2022-12-28T04:46:38.318Z] <<< [apiv2][status] POST https://upload-firebasehosting.googleapis.com/upload/sites/assignment-task-4c81d/versions/4f3c73a96f51abf1/files/bfe106a3fb878dc83461c86818bf74fc1bdc7f28538ba613cd3e775516ce8b49 200
[debug] [2022-12-28T04:46:38.318Z] <<< [apiv2][body] POST https://upload-firebasehosting.googleapis.com/upload/sites/assignment-task-4c81d/versions/4f3c73a96f51abf1/files/bfe106a3fb878dc83461c86818bf74fc1bdc7f28538ba613cd3e775516ce8b49 [stream]
[debug] [2022-12-28T04:46:38.320Z] <<< [apiv2][status] POST https://upload-firebasehosting.googleapis.com/upload/sites/assignment-task-4c81d/versions/4f3c73a96f51abf1/files/a1e10079e8155bc5525d13d0464e64acbd892cb93e51621cce5f31f1c4cc8fe3 200
[debug] [2022-12-28T04:46:38.320Z] <<< [apiv2][body] POST https://upload-firebasehosting.googleapis.com/upload/sites/assignment-task-4c81d/versions/4f3c73a96f51abf1/files/a1e10079e8155bc5525d13d0464e64acbd892cb93e51621cce5f31f1c4cc8fe3 [stream]
[debug] [2022-12-28T04:46:38.990Z] <<< [apiv2][status] POST https://upload-firebasehosting.googleapis.com/upload/sites/assignment-task-4c81d/versions/4f3c73a96f51abf1/files/8223c30f63b1cb66bf5f6479a9175be8bd72cbed657947fe90dbc60a9de8d23d 200
[debug] [2022-12-28T04:46:38.991Z] <<< [apiv2][body] POST https://upload-firebasehosting.googleapis.com/upload/sites/assignment-task-4c81d/versions/4f3c73a96f51abf1/files/8223c30f63b1cb66bf5f6479a9175be8bd72cbed657947fe90dbc60a9de8d23d [stream]
[debug] [2022-12-28T04:46:40.442Z] <<< [apiv2][status] POST https://upload-firebasehosting.googleapis.com/upload/sites/assignment-task-4c81d/versions/4f3c73a96f51abf1/files/40dfbce447d39af926d17d34db8c408d0d94412816e02b5d4a892dee5e297aca 200
[debug] [2022-12-28T04:46:40.442Z] <<< [apiv2][body] POST https://upload-firebasehosting.googleapis.com/upload/sites/assignment-task-4c81d/versions/4f3c73a96f51abf1/files/40dfbce447d39af926d17d34db8c408d0d94412816e02b5d4a892dee5e297aca [stream]
[debug] [2022-12-28T04:46:42.592Z] <<< [apiv2][status] POST https://upload-firebasehosting.googleapis.com/upload/sites/assignment-task-4c81d/versions/4f3c73a96f51abf1/files/e270f3c00f92b2d42e2c4c7d92d0fa547fe7aef288f88d10f143c042fc396fb9 200
[debug] [2022-12-28T04:46:42.592Z] <<< [apiv2][body] POST https://upload-firebasehosting.googleapis.com/upload/sites/assignment-task-4c81d/versions/4f3c73a96f51abf1/files/e270f3c00f92b2d42e2c4c7d92d0fa547fe7aef288f88d10f143c042fc396fb9 [stream]
[debug] [2022-12-28T04:46:43.001Z] <<< [apiv2][status] POST https://upload-firebasehosting.googleapis.com/upload/sites/assignment-task-4c81d/versions/4f3c73a96f51abf1/files/11a6e688fb1c67c92818a88a4db024c4402376817d6f78a1395586a5738a1143 200
[debug] [2022-12-28T04:46:43.002Z] <<< [apiv2][body] POST https://upload-firebasehosting.googleapis.com/upload/sites/assignment-task-4c81d/versions/4f3c73a96f51abf1/files/11a6e688fb1c67c92818a88a4db024c4402376817d6f78a1395586a5738a1143 [stream]
[debug] [2022-12-28T04:46:43.002Z] [hosting][upload queue][FINAL] {"max":8794,"min":2769,"avg":4332.333333333333,"active":0,"complete":15,"success":15,"errored":0,"retried":0,"total":15,"elapsed":8799}
[info] +  hosting[assignment-task-4c81d]: file upload complete 
[debug] [2022-12-28T04:46:43.005Z] [hosting] deploy completed after 10869ms
[debug] [2022-12-28T04:46:43.010Z] [
  {
    "config": {
      "public": "build",
      "ignore": [
        "firebase.json",
        "**/.*",
        "**/node_modules/**"
      ],
      "rewrites": [
        {
          "source": "**",
          "destination": "/index.html"
        }
      ],
      "site": "assignment-task-4c81d"
    },
    "version": "projects/998266263193/sites/assignment-task-4c81d/versions/4f3c73a96f51abf1"
  }
]
[info] i  hosting[assignment-task-4c81d]: finalizing version... 
[debug] [2022-12-28T04:46:43.017Z] >>> [apiv2][query] PATCH https://firebasehosting.googleapis.com/v1beta1/projects/-/sites/assignment-task-4c81d/versions/4f3c73a96f51abf1 updateMask=status%2Cconfig
[debug] [2022-12-28T04:46:43.017Z] >>> [apiv2][body] PATCH https://firebasehosting.googleapis.com/v1beta1/projects/-/sites/assignment-task-4c81d/versions/4f3c73a96f51abf1 {"status":"FINALIZED","config":{"rewrites":[{"glob":"**","path":"/index.html"}]}}
[debug] [2022-12-28T04:46:44.852Z] <<< [apiv2][status] PATCH https://firebasehosting.googleapis.com/v1beta1/projects/-/sites/assignment-task-4c81d/versions/4f3c73a96f51abf1 200
[debug] [2022-12-28T04:46:44.853Z] <<< [apiv2][body] PATCH https://firebasehosting.googleapis.com/v1beta1/projects/-/sites/assignment-task-4c81d/versions/4f3c73a96f51abf1 {"name":"projects/998266263193/sites/assignment-task-4c81d/versions/4f3c73a96f51abf1","status":"FINALIZED","config":{"rewrites":[{"glob":"**","path":"/index.html"}]},"labels":{"deployment-tool":"cli-firebase"},"createTime":"2022-12-28T04:46:12.671954Z","createUser":{"email":"ak8871639@gmail.com"},"finalizeTime":"2022-12-28T04:46:44.505177Z","finalizeUser":{"email":"ak8871639@gmail.com"}}
[debug] [2022-12-28T04:46:44.853Z] [hosting] finalized version for assignment-task-4c81d:[object Object]
[info] +  hosting[assignment-task-4c81d]: version finalized 
[info] i  hosting[assignment-task-4c81d]: releasing new version... 
[debug] [2022-12-28T04:46:44.855Z] >>> [apiv2][query] POST https://firebasehosting.googleapis.com/v1beta1/projects/-/sites/assignment-task-4c81d/channels/live/releases versionName=projects%2F998266263193%2Fsites%2Fassignment-task-4c81d%2Fversions%2F4f3c73a96f51abf1
[debug] [2022-12-28T04:46:44.856Z] >>> [apiv2][body] POST https://firebasehosting.googleapis.com/v1beta1/projects/-/sites/assignment-task-4c81d/channels/live/releases {}
[debug] [2022-12-28T04:46:46.794Z] <<< [apiv2][status] POST https://firebasehosting.googleapis.com/v1beta1/projects/-/sites/assignment-task-4c81d/channels/live/releases 200
[debug] [2022-12-28T04:46:46.795Z] <<< [apiv2][body] POST https://firebasehosting.googleapis.com/v1beta1/projects/-/sites/assignment-task-4c81d/channels/live/releases {"name":"projects/998266263193/sites/assignment-task-4c81d/channels/live/releases/1672202805727300","version":{"name":"projects/998266263193/sites/assignment-task-4c81d/versions/4f3c73a96f51abf1","status":"FINALIZED","config":{"rewrites":[{"glob":"**","path":"/index.html"}]},"labels":{"deployment-tool":"cli-firebase"},"createTime":"2022-12-28T04:46:12.671954Z","createUser":{"email":"ak8871639@gmail.com","imageUrl":"https://lh3.googleusercontent.com/a/AEdFTp6eS2BJ5UC3TJXWdqalqv7QWh2awYDAqSPP7GbH=mo"},"finalizeTime":"2022-12-28T04:46:44.505177Z","finalizeUser":{"email":"ak8871639@gmail.com","imageUrl":"https://lh3.googleusercontent.com/a/AEdFTp6eS2BJ5UC3TJXWdqalqv7QWh2awYDAqSPP7GbH=mo"}},"type":"DEPLOY","releaseTime":"2022-12-28T04:46:45.727300105Z","releaseUser":{"email":"ak8871639@gmail.com","imageUrl":"https://lh3.googleusercontent.com/a/AEdFTp6eS2BJ5UC3TJXWdqalqv7QWh2awYDAqSPP7GbH=mo"}}
[debug] [2022-12-28T04:46:46.795Z] [hosting] release: {"name":"projects/998266263193/sites/assignment-task-4c81d/channels/live/releases/1672202805727300","version":{"name":"projects/998266263193/sites/assignment-task-4c81d/versions/4f3c73a96f51abf1","status":"FINALIZED","config":{"rewrites":[{"glob":"**","path":"/index.html"}]},"labels":{"deployment-tool":"cli-firebase"},"createTime":"2022-12-28T04:46:12.671954Z","createUser":{"email":"ak8871639@gmail.com","imageUrl":"https://lh3.googleusercontent.com/a/AEdFTp6eS2BJ5UC3TJXWdqalqv7QWh2awYDAqSPP7GbH=mo"},"finalizeTime":"2022-12-28T04:46:44.505177Z","finalizeUser":{"email":"ak8871639@gmail.com","imageUrl":"https://lh3.googleusercontent.com/a/AEdFTp6eS2BJ5UC3TJXWdqalqv7QWh2awYDAqSPP7GbH=mo"}},"type":"DEPLOY","releaseTime":"2022-12-28T04:46:45.727300105Z","releaseUser":{"email":"ak8871639@gmail.com","imageUrl":"https://lh3.googleusercontent.com/a/AEdFTp6eS2BJ5UC3TJXWdqalqv7QWh2awYDAqSPP7GbH=mo"}}
[info] +  hosting[assignment-task-4c81d]: release complete 
[info] 
[info] +  Deploy complete! 
[info] 
[info] Project Console: https://console.firebase.google.com/project/assignment-task-4c81d/overview
[info] Hosting URL: https://assignment-task-4c81d.web.app
[debug] [2022-12-28T04:47:17.852Z] Error: Timed out.
    at Timeout._onTimeout (C:\Users\91914\AppData\Roaming\npm\node_modules\firebase-tools\lib\utils.js:253:49)
    at listOnTimeout (node:internal/timers:564:17)
    at process.processTimers (node:internal/timers:507:7)
[error] 
[error] Error: An unexpected error has occurred.
[debug] [2022-12-28T06:21:19.498Z] ----------------------------------------------------------------------
[debug] [2022-12-28T06:21:19.499Z] Command:       C:\Program Files\nodejs\node.exe C:\Users\91914\AppData\Roaming\npm\node_modules\firebase-tools\lib\bin\firebase.js login
[debug] [2022-12-28T06:21:19.500Z] CLI Version:   11.19.0
[debug] [2022-12-28T06:21:19.500Z] Platform:      win32
[debug] [2022-12-28T06:21:19.500Z] Node Version:  v18.12.1
[debug] [2022-12-28T06:21:19.501Z] Time:          Wed Dec 28 2022 11:51:19 GMT+0530 (India Standard Time)
[debug] [2022-12-28T06:21:19.501Z] ----------------------------------------------------------------------
[debug] 
[info] Already logged in as ak8871639@gmail.com
[debug] [2022-12-28T06:21:29.612Z] Error: Timed out.
    at Timeout._onTimeout (C:\Users\91914\AppData\Roaming\npm\node_modules\firebase-tools\lib\utils.js:253:49)
    at listOnTimeout (node:internal/timers:564:17)
    at process.processTimers (node:internal/timers:507:7)
[error] 
[error] Error: An unexpected error has occurred.
[debug] [2022-12-28T06:27:27.109Z] ----------------------------------------------------------------------
[debug] [2022-12-28T06:27:27.111Z] Command:       C:\Program Files\nodejs\node.exe C:\Users\91914\AppData\Roaming\npm\node_modules\firebase-tools\lib\bin\firebase.js init
[debug] [2022-12-28T06:27:27.111Z] CLI Version:   11.19.0
[debug] [2022-12-28T06:27:27.111Z] Platform:      win32
[debug] [2022-12-28T06:27:27.111Z] Node Version:  v18.12.1
[debug] [2022-12-28T06:27:27.112Z] Time:          Wed Dec 28 2022 11:57:27 GMT+0530 (India Standard Time)
[debug] [2022-12-28T06:27:27.112Z] ----------------------------------------------------------------------
[debug] 
[debug] [2022-12-28T06:27:27.166Z] > command requires scopes: ["email","openid","https://www.googleapis.com/auth/cloudplatformprojects.readonly","https://www.googleapis.com/auth/firebase","https://www.googleapis.com/auth/cloud-platform"]
[debug] [2022-12-28T06:27:27.166Z] > authorizing via signed-in user (ak8871639@gmail.com)
[info] 
     ######## #### ########  ######## ########     ###     ######  ########
     ##        ##  ##     ## ##       ##     ##  ##   ##  ##       ##
     ######    ##  ########  ######   ########  #########  ######  ######
     ##        ##  ##    ##  ##       ##     ## ##     ##       ## ##
     ##       #### ##     ## ######## ########  ##     ##  ######  ########

You're about to initialize a Firebase project in this directory:

  C:\Users\91914\Desktop\my-app

Before we get started, keep in mind:

  * You are initializing within an existing Firebase project directory

[info] 
=== Project Setup
[info] 
[info] First, let's associate this project directory with a Firebase project.
[info] You can create multiple project aliases by running firebase use --add, 
[info] but for now we'll just set up a default project.
[info] 
[debug] [2022-12-28T06:27:45.552Z] Using project from CLI flag: assignment-task-4c81d
[debug] [2022-12-28T06:27:45.553Z] > refreshing access token with scopes: []
[debug] [2022-12-28T06:27:45.555Z] >>> [apiv2][query] POST https://www.googleapis.com/oauth2/v3/token [none]
[debug] [2022-12-28T06:27:45.555Z] >>> [apiv2][body] POST https://www.googleapis.com/oauth2/v3/token [omitted]
[debug] [2022-12-28T06:27:47.881Z] <<< [apiv2][status] POST https://www.googleapis.com/oauth2/v3/token 200
[debug] [2022-12-28T06:27:47.881Z] <<< [apiv2][body] POST https://www.googleapis.com/oauth2/v3/token [omitted]
[debug] [2022-12-28T06:27:47.898Z] >>> [apiv2][query] GET https://firebase.googleapis.com/v1beta1/projects/assignment-task-4c81d [none]
[debug] [2022-12-28T06:27:49.308Z] <<< [apiv2][status] GET https://firebase.googleapis.com/v1beta1/projects/assignment-task-4c81d 200
[debug] [2022-12-28T06:27:49.309Z] <<< [apiv2][body] GET https://firebase.googleapis.com/v1beta1/projects/assignment-task-4c81d {"projectId":"assignment-task-4c81d","projectNumber":"998266263193","displayName":"assignment-task","name":"projects/assignment-task-4c81d","resources":{"hostingSite":"assignment-task-4c81d"},"state":"ACTIVE","etag":"1_8d2b906b-88f5-4741-89f1-76a178263e39"}
[info] i  Using project assignment-task-4c81d (assignment-task) 
[info] 
=== Hosting Setup
[info] 
[info] Your public directory is the folder (relative to your project directory) that
[info] will contain Hosting assets to be uploaded with firebase deploy. If you
[info] have a build process for your assets, use your build's output directory.
[info] 
[debug] [2022-12-28T06:28:03.169Z] >>> [apiv2][query] GET https://www.gstatic.com/firebasejs/releases.json [none]
[debug] [2022-12-28T06:28:03.972Z] <<< [apiv2][status] GET https://www.gstatic.com/firebasejs/releases.json 200
[debug] [2022-12-28T06:28:03.973Z] <<< [apiv2][body] GET https://www.gstatic.com/firebasejs/releases.json {"current":{"version":"9.15.0","browserURL":"https://www.gstatic.com/firebasejs/9.15.0/firebase.js","packageURL":"https://www.gstatic.com/firebasejs/9.15.0/firebase.tgz"},"live":{"version":"9.15","browserURL":"https://www.gstatic.com/firebasejs/live/9.15/firebase.js","packageURL":"https://www.gstatic.com/firebasejs/live/9.15/firebase.tgz"},"components":{"analytics":"https://www.gstatic.com/firebasejs/9.15.0/firebase-analytics.js","app":"https://www.gstatic.com/firebasejs/9.15.0/firebase-app.js","app-check":"https://www.gstatic.com/firebasejs/9.15.0/firebase-app-check.js","auth":"https://www.gstatic.com/firebasejs/9.15.0/firebase-auth.js","auth/cordova":"https://www.gstatic.com/firebasejs/9.15.0/firebase-auth/cordova.js","auth/react-native":"https://www.gstatic.com/firebasejs/9.15.0/firebase-auth/react-native.js","functions":"https://www.gstatic.com/firebasejs/9.15.0/firebase-functions.js","firestore":"https://www.gstatic.com/firebasejs/9.15.0/firebase-firestore.js","firestore/lite":"https://www.gstatic.com/firebasejs/9.15.0/firebase-firestore/lite.js","installations":"https://www.gstatic.com/firebasejs/9.15.0/firebase-installations.js","storage":"https://www.gstatic.com/firebasejs/9.15.0/firebase-storage.js","performance":"https://www.gstatic.com/firebasejs/9.15.0/firebase-performance.js","remote-config":"https://www.gstatic.com/firebasejs/9.15.0/firebase-remote-config.js","messaging":"https://www.gstatic.com/firebasejs/9.15.0/firebase-messaging.js","messaging/sw":"https://www.gstatic.com/firebasejs/9.15.0/firebase-messaging/sw.js","database":"https://www.gstatic.com/firebasejs/9.15.0/firebase-database.js","firestore.memory":"https://www.gstatic.com/firebasejs/9.15.0/firebase-firestore.memory.js"}}
[info] i  Skipping write of build/index.html 
[info] 
[info] i  Writing configuration info to firebase.json... 
[info] i  Writing project information to .firebaserc... 
[info] 
[info] +  Firebase initialization complete! 
[debug] [2022-12-28T06:28:18.861Z] Error: Timed out.
    at Timeout._onTimeout (C:\Users\91914\AppData\Roaming\npm\node_modules\firebase-tools\lib\utils.js:253:49)
    at listOnTimeout (node:internal/timers:564:17)
    at process.processTimers (node:internal/timers:507:7)
[error] 
[error] Error: An unexpected error has occurred.
[debug] [2022-12-28T06:28:40.914Z] ----------------------------------------------------------------------
[debug] [2022-12-28T06:28:40.915Z] Command:       C:\Program Files\nodejs\node.exe C:\Users\91914\AppData\Roaming\npm\node_modules\firebase-tools\lib\bin\firebase.js login
[debug] [2022-12-28T06:28:40.916Z] CLI Version:   11.19.0
[debug] [2022-12-28T06:28:40.916Z] Platform:      win32
[debug] [2022-12-28T06:28:40.916Z] Node Version:  v18.12.1
[debug] [2022-12-28T06:28:40.917Z] Time:          Wed Dec 28 2022 11:58:40 GMT+0530 (India Standard Time)
[debug] [2022-12-28T06:28:40.917Z] ----------------------------------------------------------------------
[debug] 
[info] Already logged in as ak8871639@gmail.com
[debug] [2022-12-28T06:28:51.036Z] Error: Timed out.
    at Timeout._onTimeout (C:\Users\91914\AppData\Roaming\npm\node_modules\firebase-tools\lib\utils.js:253:49)
    at listOnTimeout (node:internal/timers:564:17)
    at process.processTimers (node:internal/timers:507:7)
[error] 
[error] Error: An unexpected error has occurred.
[debug] [2022-12-28T06:29:10.058Z] ----------------------------------------------------------------------
[debug] [2022-12-28T06:29:10.060Z] Command:       C:\Program Files\nodejs\node.exe C:\Users\91914\AppData\Roaming\npm\node_modules\firebase-tools\lib\bin\firebase.js deploy
[debug] [2022-12-28T06:29:10.060Z] CLI Version:   11.19.0
[debug] [2022-12-28T06:29:10.060Z] Platform:      win32
[debug] [2022-12-28T06:29:10.060Z] Node Version:  v18.12.1
[debug] [2022-12-28T06:29:10.061Z] Time:          Wed Dec 28 2022 11:59:10 GMT+0530 (India Standard Time)
[debug] [2022-12-28T06:29:10.061Z] ----------------------------------------------------------------------
[debug] 
[debug] [2022-12-28T06:29:10.113Z] > command requires scopes: ["email","openid","https://www.googleapis.com/auth/cloudplatformprojects.readonly","https://www.googleapis.com/auth/firebase","https://www.googleapis.com/auth/cloud-platform"]
[debug] [2022-12-28T06:29:10.113Z] > authorizing via signed-in user (ak8871639@gmail.com)
[debug] [2022-12-28T06:29:10.113Z] [iam] checking project assignment-task-4c81d for permissions ["firebase.projects.get","firebasehosting.sites.update"]
[debug] [2022-12-28T06:29:10.115Z] >>> [apiv2][query] POST https://cloudresourcemanager.googleapis.com/v1/projects/assignment-task-4c81d:testIamPermissions [none]
[debug] [2022-12-28T06:29:10.115Z] >>> [apiv2][(partial)header] POST https://cloudresourcemanager.googleapis.com/v1/projects/assignment-task-4c81d:testIamPermissions x-goog-quota-user=projects/assignment-task-4c81d
[debug] [2022-12-28T06:29:10.115Z] >>> [apiv2][body] POST https://cloudresourcemanager.googleapis.com/v1/projects/assignment-task-4c81d:testIamPermissions {"permissions":["firebase.projects.get","firebasehosting.sites.update"]}
[debug] [2022-12-28T06:29:12.477Z] <<< [apiv2][status] POST https://cloudresourcemanager.googleapis.com/v1/projects/assignment-task-4c81d:testIamPermissions 200
[debug] [2022-12-28T06:29:12.477Z] <<< [apiv2][body] POST https://cloudresourcemanager.googleapis.com/v1/projects/assignment-task-4c81d:testIamPermissions {"permissions":["firebase.projects.get","firebasehosting.sites.update"]}
[debug] [2022-12-28T06:29:12.480Z] >>> [apiv2][query] GET https://firebase.googleapis.com/v1beta1/projects/assignment-task-4c81d [none]
[debug] [2022-12-28T06:29:13.488Z] <<< [apiv2][status] GET https://firebase.googleapis.com/v1beta1/projects/assignment-task-4c81d 200
[debug] [2022-12-28T06:29:13.489Z] <<< [apiv2][body] GET https://firebase.googleapis.com/v1beta1/projects/assignment-task-4c81d {"projectId":"assignment-task-4c81d","projectNumber":"998266263193","displayName":"assignment-task","name":"projects/assignment-task-4c81d","resources":{"hostingSite":"assignment-task-4c81d"},"state":"ACTIVE","etag":"1_8d2b906b-88f5-4741-89f1-76a178263e39"}
[info] 
[info] === Deploying to 'assignment-task-4c81d'...
[info] 
[info] i  deploying hosting 
[debug] [2022-12-28T06:29:13.507Z] >>> [apiv2][query] POST https://firebasehosting.googleapis.com/v1beta1/projects/-/sites/assignment-task-4c81d/versions [none]
[debug] [2022-12-28T06:29:13.507Z] >>> [apiv2][body] POST https://firebasehosting.googleapis.com/v1beta1/projects/-/sites/assignment-task-4c81d/versions {"status":"CREATED","labels":{"deployment-tool":"cli-firebase"}}
[debug] [2022-12-28T06:29:16.454Z] <<< [apiv2][status] POST https://firebasehosting.googleapis.com/v1beta1/projects/-/sites/assignment-task-4c81d/versions 200
[debug] [2022-12-28T06:29:16.454Z] <<< [apiv2][body] POST https://firebasehosting.googleapis.com/v1beta1/projects/-/sites/assignment-task-4c81d/versions {"name":"projects/998266263193/sites/assignment-task-4c81d/versions/9803cc998d14a06e","status":"CREATED","config":{},"labels":{"deployment-tool":"cli-firebase"}}
[info] i  hosting[assignment-task-4c81d]: beginning deploy... 
[info] i  hosting[assignment-task-4c81d]: found 15 files in build 
[debug] [2022-12-28T06:29:34.573Z] [hosting] uploading with 200 concurrency
[debug] [2022-12-28T06:29:34.598Z] [hosting] hash cache [YnVpbGQ] stored for 15 files
[debug] [2022-12-28T06:29:34.598Z] [hosting][hash queue][FINAL] {"max":7,"min":1,"avg":1,"active":0,"complete":15,"success":15,"errored":0,"retried":0,"total":15,"elapsed":16}
[debug] [2022-12-28T06:29:34.599Z] >>> [apiv2][query] POST https://firebasehosting.googleapis.com/v1beta1/projects/998266263193/sites/assignment-task-4c81d/versions/9803cc998d14a06e:populateFiles [none]
[debug] [2022-12-28T06:29:34.600Z] >>> [apiv2][body] POST https://firebasehosting.googleapis.com/v1beta1/projects/998266263193/sites/assignment-task-4c81d/versions/9803cc998d14a06e:populateFiles {"files":{"/asset-manifest.json":"54eb6ebd7fca7bdfd24309cbe8b9af95c295a15d93ea4b8a34125b592f016537","/favicon.ico":"eae62e993eb980ec8a25058c39d5a51feab118bd2100c4deebb2a9c158ec11f9","/index.html":"8223c30f63b1cb66bf5f6479a9175be8bd72cbed657947fe90dbc60a9de8d23d","/logo192.png":"3ee59515172ee198f3be375979df15ac5345183e656720a381b8872b2a39dc8b","/logo512.png":"ee7e2f3fdb8209c4b6fd7bef6ba50d1b9dba30a25bb5c3126df057e1cb6f5331","/manifest.json":"aff3449bdc238776f5d6d967f19ec491b36aed5fb7f23ccff6500736fd58494a","/robots.txt":"bfe106a3fb878dc83461c86818bf74fc1bdc7f28538ba613cd3e775516ce8b49","/static/css/main.68841a8d.css":"b2256f2b760dddad50b985e50b2ee218a8f4761f4bc4c328f0ddcad569713a33","/static/css/main.68841a8d.css.map":"40dfbce447d39af926d17d34db8c408d0d94412816e02b5d4a892dee5e297aca","/static/js/787.28cb0dcd.chunk.js":"b72129aadef2b1cce5f847b935b4b58bca879c736479ede4c4e80bccf03f82a0","/static/js/787.28cb0dcd.chunk.js.map":"f5e289f1d3a65301e04aa54c001e681f700b9c8f4ba2774a7c5f92bf93d0d3a6","/static/js/main.ec9fc3b3.js":"11a6e688fb1c67c92818a88a4db024c4402376817d6f78a1395586a5738a1143","/static/js/main.ec9fc3b3.js.LICENSE.txt":"a1e10079e8155bc5525d13d0464e64acbd892cb93e51621cce5f31f1c4cc8fe3","/static/js/main.ec9fc3b3.js.map":"e270f3c00f92b2d42e2c4c7d92d0fa547fe7aef288f88d10f143c042fc396fb9","/static/media/logo.6ce24c58023cc2f8fd88fe9d219db6c6.svg":"ac1a3d8899432561573d6a5cf56459437c09b902599a1deb91c0f8d4bb40459d"}}
[debug] [2022-12-28T06:29:36.245Z] <<< [apiv2][status] POST https://firebasehosting.googleapis.com/v1beta1/projects/998266263193/sites/assignment-task-4c81d/versions/9803cc998d14a06e:populateFiles 200
[debug] [2022-12-28T06:29:36.245Z] <<< [apiv2][body] POST https://firebasehosting.googleapis.com/v1beta1/projects/998266263193/sites/assignment-task-4c81d/versions/9803cc998d14a06e:populateFiles {"uploadUrl":"https://upload-firebasehosting.googleapis.com/upload/sites/assignment-task-4c81d/versions/9803cc998d14a06e/files"}
[debug] [2022-12-28T06:29:36.246Z] [hosting][populate queue][FINAL] {"max":1655,"min":1655,"avg":1655,"active":0,"complete":1,"success":1,"errored":0,"retried":0,"total":1,"elapsed":1655}
[debug] [2022-12-28T06:29:36.246Z] [hosting] uploads queued: 0
[debug] [2022-12-28T06:29:36.246Z] [hosting][upload queue][FINAL] {"max":0,"min":9999999999,"avg":0,"active":0,"complete":0,"success":0,"errored":0,"retried":0,"total":0,"elapsed":1672208976246}
[info] +  hosting[assignment-task-4c81d]: file upload complete 
[debug] [2022-12-28T06:29:36.250Z] [hosting] deploy completed after 1707ms
[debug] [2022-12-28T06:29:36.254Z] [
  {
    "config": {
      "public": "build",
      "ignore": [
        "firebase.json",
        "**/.*",
        "**/node_modules/**"
      ],
      "rewrites": [
        {
          "source": "**",
          "destination": "/index.html"
        }
      ],
      "site": "assignment-task-4c81d"
    },
    "version": "projects/998266263193/sites/assignment-task-4c81d/versions/9803cc998d14a06e"
  }
]
[info] i  hosting[assignment-task-4c81d]: finalizing version... 
[debug] [2022-12-28T06:29:36.262Z] >>> [apiv2][query] PATCH https://firebasehosting.googleapis.com/v1beta1/projects/-/sites/assignment-task-4c81d/versions/9803cc998d14a06e updateMask=status%2Cconfig
[debug] [2022-12-28T06:29:36.262Z] >>> [apiv2][body] PATCH https://firebasehosting.googleapis.com/v1beta1/projects/-/sites/assignment-task-4c81d/versions/9803cc998d14a06e {"status":"FINALIZED","config":{"rewrites":[{"glob":"**","path":"/index.html"}]}}
[debug] [2022-12-28T06:29:38.267Z] <<< [apiv2][status] PATCH https://firebasehosting.googleapis.com/v1beta1/projects/-/sites/assignment-task-4c81d/versions/9803cc998d14a06e 200
[debug] [2022-12-28T06:29:38.268Z] <<< [apiv2][body] PATCH https://firebasehosting.googleapis.com/v1beta1/projects/-/sites/assignment-task-4c81d/versions/9803cc998d14a06e {"name":"projects/998266263193/sites/assignment-task-4c81d/versions/9803cc998d14a06e","status":"FINALIZED","config":{"rewrites":[{"glob":"**","path":"/index.html"}]},"labels":{"deployment-tool":"cli-firebase"},"createTime":"2022-12-28T06:29:15.554309Z","createUser":{"email":"ak8871639@gmail.com"},"finalizeTime":"2022-12-28T06:29:37.997270Z","finalizeUser":{"email":"ak8871639@gmail.com"}}
[debug] [2022-12-28T06:29:38.268Z] [hosting] finalized version for assignment-task-4c81d:[object Object]
[info] +  hosting[assignment-task-4c81d]: version finalized 
[info] i  hosting[assignment-task-4c81d]: releasing new version... 
[debug] [2022-12-28T06:29:38.271Z] >>> [apiv2][query] POST https://firebasehosting.googleapis.com/v1beta1/projects/-/sites/assignment-task-4c81d/channels/live/releases versionName=projects%2F998266263193%2Fsites%2Fassignment-task-4c81d%2Fversions%2F9803cc998d14a06e
[debug] [2022-12-28T06:29:38.271Z] >>> [apiv2][body] POST https://firebasehosting.googleapis.com/v1beta1/projects/-/sites/assignment-task-4c81d/channels/live/releases {}
[debug] [2022-12-28T06:29:40.108Z] <<< [apiv2][status] POST https://firebasehosting.googleapis.com/v1beta1/projects/-/sites/assignment-task-4c81d/channels/live/releases 200
[debug] [2022-12-28T06:29:40.108Z] <<< [apiv2][body] POST https://firebasehosting.googleapis.com/v1beta1/projects/-/sites/assignment-task-4c81d/channels/live/releases {"name":"projects/998266263193/sites/assignment-task-4c81d/channels/live/releases/1672208979337250","version":{"name":"projects/998266263193/sites/assignment-task-4c81d/versions/9803cc998d14a06e","status":"FINALIZED","config":{"rewrites":[{"glob":"**","path":"/index.html"}]},"labels":{"deployment-tool":"cli-firebase"},"createTime":"2022-12-28T06:29:15.554309Z","createUser":{"email":"ak8871639@gmail.com","imageUrl":"https://lh3.googleusercontent.com/a/AEdFTp6eS2BJ5UC3TJXWdqalqv7QWh2awYDAqSPP7GbH=mo"},"finalizeTime":"2022-12-28T06:29:37.997270Z","finalizeUser":{"email":"ak8871639@gmail.com","imageUrl":"https://lh3.googleusercontent.com/a/AEdFTp6eS2BJ5UC3TJXWdqalqv7QWh2awYDAqSPP7GbH=mo"}},"type":"DEPLOY","releaseTime":"2022-12-28T06:29:39.337250105Z","releaseUser":{"email":"ak8871639@gmail.com","imageUrl":"https://lh3.googleusercontent.com/a/AEdFTp6eS2BJ5UC3TJXWdqalqv7QWh2awYDAqSPP7GbH=mo"}}
[debug] [2022-12-28T06:29:40.108Z] [hosting] release: {"name":"projects/998266263193/sites/assignment-task-4c81d/channels/live/releases/1672208979337250","version":{"name":"projects/998266263193/sites/assignment-task-4c81d/versions/9803cc998d14a06e","status":"FINALIZED","config":{"rewrites":[{"glob":"**","path":"/index.html"}]},"labels":{"deployment-tool":"cli-firebase"},"createTime":"2022-12-28T06:29:15.554309Z","createUser":{"email":"ak8871639@gmail.com","imageUrl":"https://lh3.googleusercontent.com/a/AEdFTp6eS2BJ5UC3TJXWdqalqv7QWh2awYDAqSPP7GbH=mo"},"finalizeTime":"2022-12-28T06:29:37.997270Z","finalizeUser":{"email":"ak8871639@gmail.com","imageUrl":"https://lh3.googleusercontent.com/a/AEdFTp6eS2BJ5UC3TJXWdqalqv7QWh2awYDAqSPP7GbH=mo"}},"type":"DEPLOY","releaseTime":"2022-12-28T06:29:39.337250105Z","releaseUser":{"email":"ak8871639@gmail.com","imageUrl":"https://lh3.googleusercontent.com/a/AEdFTp6eS2BJ5UC3TJXWdqalqv7QWh2awYDAqSPP7GbH=mo"}}
[info] +  hosting[assignment-task-4c81d]: release complete 
[info] 
[info] +  Deploy complete! 
[info] 
[info] Project Console: https://console.firebase.google.com/project/assignment-task-4c81d/overview
[info] Hosting URL: https://assignment-task-4c81d.web.app
[debug] [2022-12-28T06:30:11.208Z] Error: Timed out.
    at Timeout._onTimeout (C:\Users\91914\AppData\Roaming\npm\node_modules\firebase-tools\lib\utils.js:253:49)
    at listOnTimeout (node:internal/timers:564:17)
    at process.processTimers (node:internal/timers:507:7)
[error] 
[error] Error: An unexpected error has occurred.
